[debug] [2020-06-17T17:00:05.092Z] ----------------------------------------------------------------------
[debug] [2020-06-17T17:00:05.095Z] Command:       C:\Program Files\nodejs\node.exe C:\Users\Levi\AppData\Roaming\npm\node_modules\firebase-tools\lib\bin\firebase.js deploy --only hosting:smartnotebook
[debug] [2020-06-17T17:00:05.095Z] CLI Version:   8.4.2
[debug] [2020-06-17T17:00:05.095Z] Platform:      win32
[debug] [2020-06-17T17:00:05.095Z] Node Version:  v12.16.1
[debug] [2020-06-17T17:00:05.096Z] Time:          Wed Jun 17 2020 22:30:05 GMT+0530 (India Standard Time)
[debug] [2020-06-17T17:00:05.096Z] ----------------------------------------------------------------------
[debug] [2020-06-17T17:00:05.096Z] 
[debug] [2020-06-17T17:00:05.112Z] > command requires scopes: ["email","openid","https://www.googleapis.com/auth/cloudplatformprojects.readonly","https://www.googleapis.com/auth/firebase","https://www.googleapis.com/auth/cloud-platform"]
[debug] [2020-06-17T17:00:05.113Z] > authorizing via signed-in user
[debug] [2020-06-17T17:00:05.113Z] [iam] checking project smartnotebook-in for permissions ["firebase.projects.get","firebasehosting.sites.update"]
[debug] [2020-06-17T17:00:05.117Z] >>> HTTP REQUEST POST https://cloudresourcemanager.googleapis.com/v1/projects/smartnotebook-in:testIamPermissions  
 {"permissions":["firebase.projects.get","firebasehosting.sites.update"]}
[debug] [2020-06-17T17:00:07.475Z] <<< HTTP RESPONSE 200 {"content-type":"application/json; charset=UTF-8","vary":"X-Origin, Referer, Origin,Accept-Encoding","date":"Wed, 17 Jun 2020 17:00:07 GMT","server":"ESF","cache-control":"private","x-xss-protection":"0","x-frame-options":"SAMEORIGIN","x-content-type-options":"nosniff","server-timing":"gfet4t7; dur=1408","alt-svc":"h3-28=\":443\"; ma=2592000,h3-27=\":443\"; ma=2592000,h3-25=\":443\"; ma=2592000,h3-T050=\":443\"; ma=2592000,h3-Q050=\":443\"; ma=2592000,h3-Q049=\":443\"; ma=2592000,h3-Q048=\":443\"; ma=2592000,h3-Q046=\":443\"; ma=2592000,h3-Q043=\":443\"; ma=2592000,quic=\":443\"; ma=2592000; v=\"46,43\"","accept-ranges":"none","transfer-encoding":"chunked"}
[debug] [2020-06-17T17:00:07.477Z] >>> HTTP REQUEST GET https://firebase.googleapis.com/v1beta1/projects/smartnotebook-in  
 
[debug] [2020-06-17T17:00:08.106Z] <<< HTTP RESPONSE 200 {"content-type":"application/json; charset=UTF-8","vary":"X-Origin, Referer, Origin,Accept-Encoding","date":"Wed, 17 Jun 2020 17:00:08 GMT","server":"ESF","cache-control":"private","x-xss-protection":"0","x-frame-options":"SAMEORIGIN","x-content-type-options":"nosniff","alt-svc":"h3-28=\":443\"; ma=2592000,h3-27=\":443\"; ma=2592000,h3-25=\":443\"; ma=2592000,h3-T050=\":443\"; ma=2592000,h3-Q050=\":443\"; ma=2592000,h3-Q049=\":443\"; ma=2592000,h3-Q048=\":443\"; ma=2592000,h3-Q046=\":443\"; ma=2592000,h3-Q043=\":443\"; ma=2592000,quic=\":443\"; ma=2592000; v=\"46,43\"","accept-ranges":"none","transfer-encoding":"chunked"}
[info] 
[info] === Deploying to 'smartnotebook-in'...
[info] 
[info] i  deploying hosting 
[info] 
[info] +  Deploy complete! 
[info] 
[info] Project Console: https://console.firebase.google.com/project/smartnotebook-in/overview
[debug] [2020-06-17T17:00:08.491Z] TypeError: Cannot read property 'deploys' of undefined
    at C:\Users\Levi\AppData\Roaming\npm\node_modules\firebase-tools\lib\deploy\index.js:84:36
    at processTicksAndRejections (internal/process/task_queues.js:97:5)
[error] 
[error] Error: An unexpected error has occurred.
[debug] [2020-06-17T17:01:06.975Z] ----------------------------------------------------------------------
[debug] [2020-06-17T17:01:06.977Z] Command:       C:\Program Files\nodejs\node.exe C:\Users\Levi\AppData\Roaming\npm\node_modules\firebase-tools\lib\bin\firebase.js deploy --only hosting:smartnotebook
[debug] [2020-06-17T17:01:06.977Z] CLI Version:   8.4.2
[debug] [2020-06-17T17:01:06.977Z] Platform:      win32
[debug] [2020-06-17T17:01:06.977Z] Node Version:  v12.16.1
[debug] [2020-06-17T17:01:06.978Z] Time:          Wed Jun 17 2020 22:31:06 GMT+0530 (India Standard Time)
[debug] [2020-06-17T17:01:06.979Z] ----------------------------------------------------------------------
[debug] [2020-06-17T17:01:06.979Z] 
[debug] [2020-06-17T17:01:06.990Z] > command requires scopes: ["email","openid","https://www.googleapis.com/auth/cloudplatformprojects.readonly","https://www.googleapis.com/auth/firebase","https://www.googleapis.com/auth/cloud-platform"]
[debug] [2020-06-17T17:01:06.991Z] > authorizing via signed-in user
[debug] [2020-06-17T17:01:06.992Z] [iam] checking project smartnotebook-in for permissions ["firebase.projects.get","firebasehosting.sites.update"]
[debug] [2020-06-17T17:01:06.996Z] >>> HTTP REQUEST POST https://cloudresourcemanager.googleapis.com/v1/projects/smartnotebook-in:testIamPermissions  
 {"permissions":["firebase.projects.get","firebasehosting.sites.update"]}
[debug] [2020-06-17T17:01:08.913Z] <<< HTTP RESPONSE 200 {"content-type":"application/json; charset=UTF-8","vary":"X-Origin, Referer, Origin,Accept-Encoding","date":"Wed, 17 Jun 2020 17:01:08 GMT","server":"ESF","cache-control":"private","x-xss-protection":"0","x-frame-options":"SAMEORIGIN","x-content-type-options":"nosniff","server-timing":"gfet4t7; dur=1380","alt-svc":"h3-28=\":443\"; ma=2592000,h3-27=\":443\"; ma=2592000,h3-25=\":443\"; ma=2592000,h3-T050=\":443\"; ma=2592000,h3-Q050=\":443\"; ma=2592000,h3-Q049=\":443\"; ma=2592000,h3-Q048=\":443\"; ma=2592000,h3-Q046=\":443\"; ma=2592000,h3-Q043=\":443\"; ma=2592000,quic=\":443\"; ma=2592000; v=\"46,43\"","accept-ranges":"none","transfer-encoding":"chunked"}
[debug] [2020-06-17T17:01:08.916Z] >>> HTTP REQUEST GET https://firebase.googleapis.com/v1beta1/projects/smartnotebook-in  
 
[debug] [2020-06-17T17:01:09.587Z] <<< HTTP RESPONSE 200 {"content-type":"application/json; charset=UTF-8","vary":"X-Origin, Referer, Origin,Accept-Encoding","date":"Wed, 17 Jun 2020 17:01:09 GMT","server":"ESF","cache-control":"private","x-xss-protection":"0","x-frame-options":"SAMEORIGIN","x-content-type-options":"nosniff","alt-svc":"h3-28=\":443\"; ma=2592000,h3-27=\":443\"; ma=2592000,h3-25=\":443\"; ma=2592000,h3-T050=\":443\"; ma=2592000,h3-Q050=\":443\"; ma=2592000,h3-Q049=\":443\"; ma=2592000,h3-Q048=\":443\"; ma=2592000,h3-Q046=\":443\"; ma=2592000,h3-Q043=\":443\"; ma=2592000,quic=\":443\"; ma=2592000; v=\"46,43\"","accept-ranges":"none","transfer-encoding":"chunked"}
[info] 
[info] === Deploying to 'smartnotebook-in'...
[info] 
[info] i  deploying hosting 
[info] 
[info] +  Deploy complete! 
[info] 
[info] Project Console: https://console.firebase.google.com/project/smartnotebook-in/overview
[debug] [2020-06-17T17:01:09.984Z] TypeError: Cannot read property 'deploys' of undefined
    at C:\Users\Levi\AppData\Roaming\npm\node_modules\firebase-tools\lib\deploy\index.js:84:36
    at processTicksAndRejections (internal/process/task_queues.js:97:5)
[error] 
[error] Error: An unexpected error has occurred.
